# JRE version: OpenJDK Runtime Environment (8.0_152-b12) (build 1.8.0_152-release-915-b12)
# Java VM: OpenJDK 64-Bit Server VM (25.152-b12 mixed mode linux-amd64 compressed oops)
Heap:
 par new generation   total 66624K, used 33627K [0x00000000d1200000, 0x00000000d5a40000, 0x00000000e0c00000)
  eden space 59264K,  53% used [0x00000000d1200000, 0x00000000d30b5cd8, 0x00000000d4be0000)
  from space 7360K,  29% used [0x00000000d5310000, 0x00000000d5530f40, 0x00000000d5a40000)
  to   space 7360K,   0% used [0x00000000d4be0000, 0x00000000d4be0000, 0x00000000d5310000)
 concurrent mark-sweep generation total 147860K, used 107655K [0x00000000e0c00000, 0x00000000e9c65000, 0x0000000100000000)
 Metaspace       used 226561K, capacity 239434K, committed 239724K, reserved 1257472K
  class space    used 30405K, capacity 32653K, committed 32708K, reserved 1048576K
GC Heap History (10 events):
Event: 8594,302 GC heap after
Heap after GC invocations=639 (full 13):
 par new generation   total 66624K, used 3675K [0x00000000d1200000, 0x00000000d5a40000, 0x00000000e0c00000)
  eden space 59264K,   0% used [0x00000000d1200000, 0x00000000d1200000, 0x00000000d4be0000)
  from space 7360K,  49% used [0x00000000d5310000, 0x00000000d56a6c98, 0x00000000d5a40000)
  to   space 7360K,   0% used [0x00000000d4be0000, 0x00000000d4be0000, 0x00000000d5310000)
 concurrent mark-sweep generation total 147860K, used 106481K [0x00000000e0c00000, 0x00000000e9c65000, 0x0000000100000000)
 Metaspace       used 224780K, capacity 237620K, committed 237804K, reserved 1255424K
  class space    used 30242K, capacity 32461K, committed 32580K, reserved 1048576K
}
Event: 8601,329 GC heap before
{Heap before GC invocations=639 (full 13):
 par new generation   total 66624K, used 62939K [0x00000000d1200000, 0x00000000d5a40000, 0x00000000e0c00000)
  eden space 59264K, 100% used [0x00000000d1200000, 0x00000000d4be0000, 0x00000000d4be0000)
  from space 7360K,  49% used [0x00000000d5310000, 0x00000000d56a6c98, 0x00000000d5a40000)
  to   space 7360K,   0% used [0x00000000d4be0000, 0x00000000d4be0000, 0x00000000d5310000)
 concurrent mark-sweep generation total 147860K, used 106481K [0x00000000e0c00000, 0x00000000e9c65000, 0x0000000100000000)
 Metaspace       used 224808K, capacity 237626K, committed 237804K, reserved 1255424K
  class space    used 30243K, capacity 32462K, committed 32580K, reserved 1048576K
Event: 8601,334 GC heap after
Heap after GC invocations=640 (full 13):
 par new generation   total 66624K, used 2398K [0x00000000d1200000, 0x00000000d5a40000, 0x00000000e0c00000)
  eden space 59264K,   0% used [0x00000000d1200000, 0x00000000d1200000, 0x00000000d4be0000)
  from space 7360K,  32% used [0x00000000d4be0000, 0x00000000d4e378d8, 0x00000000d5310000)
  to   space 7360K,   0% used [0x00000000d5310000, 0x00000000d5310000, 0x00000000d5a40000)
 concurrent mark-sweep generation total 147860K, used 106661K [0x00000000e0c00000, 0x00000000e9c65000, 0x0000000100000000)
 Metaspace       used 224808K, capacity 237626K, committed 237804K, reserved 1255424K
  class space    used 30243K, capacity 32462K, committed 32580K, reserved 1048576K
}
Event: 8607,039 GC heap before
{Heap before GC invocations=640 (full 13):
 par new generation   total 66624K, used 61662K [0x00000000d1200000, 0x00000000d5a40000, 0x00000000e0c00000)
  eden space 59264K, 100% used [0x00000000d1200000, 0x00000000d4be0000, 0x00000000d4be0000)
  from space 7360K,  32% used [0x00000000d4be0000, 0x00000000d4e378d8, 0x00000000d5310000)
  to   space 7360K,   0% used [0x00000000d5310000, 0x00000000d5310000, 0x00000000d5a40000)
 concurrent mark-sweep generation total 147860K, used 106661K [0x00000000e0c00000, 0x00000000e9c65000, 0x0000000100000000)
 Metaspace       used 224811K, capacity 237690K, committed 238060K, reserved 1255424K
  class space    used 30243K, capacity 32462K, committed 32580K, reserved 1048576K
Event: 8607,045 GC heap after
Heap after GC invocations=641 (full 13):
 par new generation   total 66624K, used 2418K [0x00000000d1200000, 0x00000000d5a40000, 0x00000000e0c00000)
  eden space 59264K,   0% used [0x00000000d1200000, 0x00000000d1200000, 0x00000000d4be0000)
  from space 7360K,  32% used [0x00000000d5310000, 0x00000000d556cbe0, 0x00000000d5a40000)
  to   space 7360K,   0% used [0x00000000d4be0000, 0x00000000d4be0000, 0x00000000d5310000)
 concurrent mark-sweep generation total 147860K, used 106879K [0x00000000e0c00000, 0x00000000e9c65000, 0x0000000100000000)
 Metaspace       used 224811K, capacity 237690K, committed 238060K, reserved 1255424K
  class space    used 30243K, capacity 32462K, committed 32580K, reserved 1048576K
}
Event: 8613,998 GC heap before
{Heap before GC invocations=641 (full 13):
 par new generation   total 66624K, used 61682K [0x00000000d1200000, 0x00000000d5a40000, 0x00000000e0c00000)
  eden space 59264K, 100% used [0x00000000d1200000, 0x00000000d4be0000, 0x00000000d4be0000)
  from space 7360K,  32% used [0x00000000d5310000, 0x00000000d556cbe0, 0x00000000d5a40000)
  to   space 7360K,   0% used [0x00000000d4be0000, 0x00000000d4be0000, 0x00000000d5310000)
 concurrent mark-sweep generation total 147860K, used 106879K [0x00000000e0c00000, 0x00000000e9c65000, 0x0000000100000000)
 Metaspace       used 224822K, capacity 237690K, committed 238060K, reserved 1255424K
  class space    used 30243K, capacity 32462K, committed 32580K, reserved 1048576K
Event: 8614,008 GC heap after
Heap after GC invocations=642 (full 13):
 par new generation   total 66624K, used 1827K [0x00000000d1200000, 0x00000000d5a40000, 0x00000000e0c00000)
  eden space 59264K,   0% used [0x00000000d1200000, 0x00000000d1200000, 0x00000000d4be0000)
  from space 7360K,  24% used [0x00000000d4be0000, 0x00000000d4da8c58, 0x00000000d5310000)
  to   space 7360K,   0% used [0x00000000d5310000, 0x00000000d5310000, 0x00000000d5a40000)
 concurrent mark-sweep generation total 147860K, used 107626K [0x00000000e0c00000, 0x00000000e9c65000, 0x0000000100000000)
 Metaspace       used 224822K, capacity 237690K, committed 238060K, reserved 1255424K
  class space    used 30243K, capacity 32462K, committed 32580K, reserved 1048576K
}
Event: 8721,976 GC heap before
{Heap before GC invocations=642 (full 13):
 par new generation   total 66624K, used 61091K [0x00000000d1200000, 0x00000000d5a40000, 0x00000000e0c00000)
  eden space 59264K, 100% used [0x00000000d1200000, 0x00000000d4be0000, 0x00000000d4be0000)
  from space 7360K,  24% used [0x00000000d4be0000, 0x00000000d4da8c58, 0x00000000d5310000)
  to   space 7360K,   0% used [0x00000000d5310000, 0x00000000d5310000, 0x00000000d5a40000)
 concurrent mark-sweep generation total 147860K, used 107626K [0x00000000e0c00000, 0x00000000e9c65000, 0x0000000100000000)
 Metaspace       used 224899K, capacity 237754K, committed 238060K, reserved 1255424K
  class space    used 30243K, capacity 32462K, committed 32580K, reserved 1048576K
Event: 8721,981 GC heap after
Heap after GC invocations=643 (full 13):
 par new generation   total 66624K, used 2179K [0x00000000d1200000, 0x00000000d5a40000, 0x00000000e0c00000)
  eden space 59264K,   0% used [0x00000000d1200000, 0x00000000d1200000, 0x00000000d4be0000)
  from space 7360K,  29% used [0x00000000d5310000, 0x00000000d5530f40, 0x00000000d5a40000)
  to   space 7360K,   0% used [0x00000000d4be0000, 0x00000000d4be0000, 0x00000000d5310000)
 concurrent mark-sweep generation total 147860K, used 107655K [0x00000000e0c00000, 0x00000000e9c65000, 0x0000000100000000)
 Metaspace       used 224899K, capacity 237754K, committed 238060K, reserved 1255424K
  class space    used 30243K, capacity 32462K, committed 32580K, reserved 1048576K
}
Event: 8796,843 GC heap before
{Heap before GC invocations=643 (full 13):
 par new generation   total 66624K, used 33627K [0x00000000d1200000, 0x00000000d5a40000, 0x00000000e0c00000)
  eden space 59264K,  53% used [0x00000000d1200000, 0x00000000d30b5cd8, 0x00000000d4be0000)
  from space 7360K,  29% used [0x00000000d5310000, 0x00000000d5530f40, 0x00000000d5a40000)
  to   space 7360K,   0% used [0x00000000d4be0000, 0x00000000d4be0000, 0x00000000d5310000)
 concurrent mark-sweep generation total 147860K, used 107655K [0x00000000e0c00000, 0x00000000e9c65000, 0x0000000100000000)
 Metaspace       used 226561K, capacity 239434K, committed 239724K, reserved 1257472K
  class space    used 30405K, capacity 32653K, committed 32708K, reserved 1048576K

